<?xml version="1.0" encoding="UTF-8"?>
<testng-results skipped="0" failed="0" total="1" passed="1">
  <reporter-output>
  </reporter-output>
  <suite name="Default suite" duration-ms="38792" started-at="2021-01-31T16:50:43Z" finished-at="2021-01-31T16:51:22Z">
    <groups>
    </groups>
    <test name="Default test" duration-ms="38792" started-at="2021-01-31T16:50:43Z" finished-at="2021-01-31T16:51:22Z">
      <class name="ma.s.gcm.selenium.CustomerScenarioDeleteTest">
        <test-method status="PASS" signature="beforeTest()[pri:0, instance:ma.s.gcm.selenium.CustomerScenarioDeleteTest@2fd6b6c7]" name="beforeTest" is-config="true" duration-ms="16" started-at="2021-01-31T17:50:43Z" finished-at="2021-01-31T17:50:43Z">
          <reporter-output>
          </reporter-output>
        </test-method> <!-- beforeTest -->
        <test-method status="PASS" signature="LoginConsultCustomerTest()[pri:0, instance:ma.s.gcm.selenium.CustomerScenarioDeleteTest@2fd6b6c7]" name="LoginConsultCustomerTest" duration-ms="38735" started-at="2021-01-31T17:50:43Z" finished-at="2021-01-31T17:51:22Z">
          <reporter-output>
          </reporter-output>
        </test-method> <!-- LoginConsultCustomerTest -->
        <test-method status="PASS" signature="afterTest()[pri:0, instance:ma.s.gcm.selenium.CustomerScenarioDeleteTest@2fd6b6c7]" name="afterTest" is-config="true" duration-ms="1" started-at="2021-01-31T17:51:22Z" finished-at="2021-01-31T17:51:22Z">
          <reporter-output>
          </reporter-output>
        </test-method> <!-- afterTest -->
      </class> <!-- ma.s.gcm.selenium.CustomerScenarioDeleteTest -->
    </test> <!-- Default test -->
  </suite> <!-- Default suite -->
</testng-results>
